This file contains any messages produced by compilers while
running configure, to aid debugging if configure makes a mistake.

It was created by NachOS-SHELL configure 0.0, which was
generated by GNU Autoconf 2.52.  Invocation command line was

  $ ./configure 

## ---------- ##
## Platform.  ##
## ---------- ##

hostname = std1dc1
uname -m = i86pc
uname -r = 5.10
uname -s = SunOS
uname -v = Generic_118855-15

/usr/bin/uname -p = i386
/bin/uname -X     = System = SunOS
Node = std1dc1
Release = 5.10
KernelID = Generic_118855-15
Machine = i86pc
BusType = <unknown>
Serial = <unknown>
Users = <unknown>
OEM# = 0
Origin# = 1
NumCPU = 1

/bin/arch              = i86pc
/usr/bin/arch -k       = i86pc
/usr/convex/getsysinfo = unknown
hostinfo               = unknown
/bin/machine           = unknown
/usr/bin/oslevel       = unknown
/bin/universe          = unknown

PATH = /usr/local/gcc2/bin:/usr/local/SparCompiler/bin:/usr/local/perl5/bin:/usr/local/emacs20/bin:/usr/local/bin:/usr/ucb:/usr/bin:/usr/sbin:/usr/etc:/usr/local/bin:/bin:/usr/local/gnu/bin:/usr/local/etc:/usr/local/tex/bin:/usr/local/netscape/bin:/usr/ccs/bin:/usr/dt/bin:/usr/local/X11R6/bin:/usr/openwin/bin:/sbin:/usr/sbin:/home/professor/takafumi/bin

## ------------ ##
## Core tests.  ##
## ------------ ##

configure:873: loading cache /dev/null
configure:952: PATH=".;."; conftest.sh
./configure: conftest.sh: not found
configure:955: $? = 1
configure:1010: checking for gcc
configure:1025: found /usr/local/gcc2/bin/gcc
configure:1033: result: gcc
configure:1261: checking for C compiler version
configure:1264: gcc --version </dev/null >&5
2.95.3
configure:1267: $? = 0
configure:1269: gcc -v </dev/null >&5
Reading specs from /usr/local/gcc2/lib/gcc-lib/i386-pc-solaris2.10/2.95.3/specs
gcc version 2.95.3 20010315 (release)
configure:1272: $? = 0
configure:1274: gcc -V </dev/null >&5
gcc: argument to `-V' is missing
configure:1277: $? = 1
configure:1297: checking for C compiler default output
configure:1300: gcc    conftest.c  >&5
configure:1303: $? = 0
configure:1332: result: a.out
configure:1337: checking whether the C compiler works
configure:1343: ./a.out
configure:1346: $? = 0
configure:1361: result: yes
configure:1368: checking whether we are cross compiling
configure:1370: result: no
configure:1373: checking for executable suffix
configure:1375: gcc -o conftest    conftest.c  >&5
configure:1378: $? = 0
configure:1400: result: 
configure:1406: checking for object suffix
configure:1424: gcc -c   conftest.c >&5
configure:1427: $? = 0
configure:1446: result: o
configure:1450: checking whether we are using the GNU C compiler
configure:1471: gcc -c   conftest.c >&5
configure:1474: $? = 0
configure:1477: test -s conftest.o
configure:1480: $? = 0
configure:1492: result: yes
configure:1498: checking whether gcc accepts -g
configure:1516: gcc -c -g  conftest.c >&5
configure:1519: $? = 0
configure:1522: test -s conftest.o
configure:1525: $? = 0
configure:1535: result: yes
configure:1562: gcc -c -g -O2  conftest.c >&5
conftest.c:2: parse error before `me'
configure:1565: $? = 1
configure: failed program was:
#ifndef __cplusplus
  choke me
#endif
configure:1701: checking for strip
configure:1716: found /usr/local/bin/strip
configure:1724: result: strip
configure:1774: checking for ld
configure:1789: found /usr/local/bin/ld
configure:1797: result: ld
configure:1812: checking for main in -lc
configure:1832: gcc -o conftest -g -O2   conftest.c -lc   >&5
configure:1835: $? = 0
configure:1838: test -s conftest
configure:1841: $? = 0
configure:1852: result: yes
configure:1865: checking for main in -lpthread
configure:1885: gcc -o conftest -g -O2   conftest.c -lpthread  -lc  >&5
configure:1888: $? = 0
configure:1891: test -s conftest
configure:1894: $? = 0
configure:1905: result: yes
configure:1922: checking how to run the C preprocessor
configure:1948: gcc -E  conftest.c
configure:1954: $? = 0
configure:1981: gcc -E  conftest.c
configure:1978: ac_nonexistent.h: No such file or directory
configure:1987: $? = 1
configure: failed program was:
#line 1977 "configure"
#include "confdefs.h"
#include <ac_nonexistent.h>
configure:2024: result: gcc -E
configure:2039: gcc -E  conftest.c
configure:2045: $? = 0
configure:2072: gcc -E  conftest.c
configure:2069: ac_nonexistent.h: No such file or directory
configure:2078: $? = 1
configure: failed program was:
#line 2068 "configure"
#include "confdefs.h"
#include <ac_nonexistent.h>
configure:2117: checking for ANSI C header files
configure:2131: gcc -E  conftest.c
configure:2137: $? = 0
configure:2224: gcc -o conftest -g -O2   conftest.c -lpthread -lc  >&5
configure:2227: $? = 0
configure:2229: ./conftest
configure:2232: $? = 0
configure:2245: result: yes
configure:2255: checking for sys/wait.h that is POSIX.1 compatible
configure:2283: gcc -c -g -O2  conftest.c >&5
configure:2286: $? = 0
configure:2289: test -s conftest.o
configure:2292: $? = 0
configure:2302: result: yes
configure:2315: checking for fcntl.h
configure:2325: gcc -E  conftest.c
configure:2331: $? = 0
configure:2350: result: yes
configure:2315: checking for stdlib.h
configure:2325: gcc -E  conftest.c
configure:2331: $? = 0
configure:2350: result: yes
configure:2315: checking for string.h
configure:2325: gcc -E  conftest.c
configure:2331: $? = 0
configure:2350: result: yes
configure:2315: checking for sys/file.h
configure:2325: gcc -E  conftest.c
configure:2331: $? = 0
configure:2350: result: yes
configure:2315: checking for sys/time.h
configure:2325: gcc -E  conftest.c
configure:2331: $? = 0
configure:2350: result: yes
configure:2315: checking for unistd.h
configure:2325: gcc -E  conftest.c
configure:2331: $? = 0
configure:2350: result: yes
configure:2367: checking for sys/types.h
configure:2379: gcc -c -g -O2  conftest.c >&5
configure:2382: $? = 0
configure:2385: test -s conftest.o
configure:2388: $? = 0
configure:2398: result: yes
configure:2367: checking for sys/stat.h
configure:2379: gcc -c -g -O2  conftest.c >&5
configure:2382: $? = 0
configure:2385: test -s conftest.o
configure:2388: $? = 0
configure:2398: result: yes
configure:2367: checking for stdlib.h
configure:2398: result: yes
configure:2367: checking for string.h
configure:2398: result: yes
configure:2367: checking for memory.h
configure:2379: gcc -c -g -O2  conftest.c >&5
configure:2382: $? = 0
configure:2385: test -s conftest.o
configure:2388: $? = 0
configure:2398: result: yes
configure:2367: checking for strings.h
configure:2379: gcc -c -g -O2  conftest.c >&5
configure:2382: $? = 0
configure:2385: test -s conftest.o
configure:2388: $? = 0
configure:2398: result: yes
configure:2367: checking for inttypes.h
configure:2379: gcc -c -g -O2  conftest.c >&5
configure:2382: $? = 0
configure:2385: test -s conftest.o
configure:2388: $? = 0
configure:2398: result: yes
configure:2367: checking for stdint.h
configure:2379: gcc -c -g -O2  conftest.c >&5
configure:2382: $? = 0
configure:2385: test -s conftest.o
configure:2388: $? = 0
configure:2398: result: yes
configure:2367: checking for unistd.h
configure:2398: result: yes
configure:2408: checking for pid_t
configure:2429: gcc -c -g -O2  conftest.c >&5
configure:2432: $? = 0
configure:2435: test -s conftest.o
configure:2438: $? = 0
configure:2448: result: yes
configure:2460: checking for size_t
configure:2481: gcc -c -g -O2  conftest.c >&5
configure:2484: $? = 0
configure:2487: test -s conftest.o
configure:2490: $? = 0
configure:2500: result: yes
configure:2517: checking for unistd.h
configure:2552: result: yes
configure:2517: checking for vfork.h
configure:2527: gcc -E  conftest.c
configure:2524: vfork.h: No such file or directory
configure:2533: $? = 1
configure: failed program was:
#line 2523 "configure"
#include "confdefs.h"
#include <vfork.h>
configure:2552: result: no
configure:2565: checking for fork
configure:2602: gcc -o conftest -g -O2   conftest.c -lpthread -lc  >&5
configure:2605: $? = 0
configure:2608: test -s conftest
configure:2611: $? = 0
configure:2621: result: yes
configure:2565: checking for vfork
configure:2602: gcc -o conftest -g -O2   conftest.c -lpthread -lc  >&5
configure:2605: $? = 0
configure:2608: test -s conftest
configure:2611: $? = 0
configure:2621: result: yes
configure:2633: checking for working fork
configure:2676: result: yes
configure:2695: checking for working vfork
configure:2821: result: yes
configure:2933: creating ./config.status

## ----------------------- ##
## Running config.status.  ##
## ----------------------- ##

This file was extended by config.status (NachOS-SHELL 0.0) 2.52, executed with
  CONFIG_FILES    = 
  CONFIG_HEADERS  = 
  CONFIG_LINKS    = 
  CONFIG_COMMANDS = 
  > ./config.status 
on std1dc1

config.status:3363: creating Makefile
config.status:3454: creating config.h
config.status:3595: config.h is unchanged

## ----------------- ##
## Cache variables.  ##
## ----------------- ##

ac_cv_c_compiler_gnu='yes'
ac_cv_env_CC_set=''
ac_cv_env_CC_value=''
ac_cv_env_CFLAGS_set=''
ac_cv_env_CFLAGS_value=''
ac_cv_env_CPPFLAGS_set=''
ac_cv_env_CPPFLAGS_value=''
ac_cv_env_CPP_set=''
ac_cv_env_CPP_value=''
ac_cv_env_LDFLAGS_set=''
ac_cv_env_LDFLAGS_value=''
ac_cv_env_build_alias_set=''
ac_cv_env_build_alias_value=''
ac_cv_env_host_alias_set=''
ac_cv_env_host_alias_value=''
ac_cv_env_target_alias_set=''
ac_cv_env_target_alias_value=''
ac_cv_func_fork='yes'
ac_cv_func_fork_works='yes'
ac_cv_func_vfork='yes'
ac_cv_func_vfork_works='yes'
ac_cv_header_fcntl_h='yes'
ac_cv_header_inttypes_h='yes'
ac_cv_header_memory_h='yes'
ac_cv_header_stdc='yes'
ac_cv_header_stdint_h='yes'
ac_cv_header_stdlib_h='yes'
ac_cv_header_string_h='yes'
ac_cv_header_strings_h='yes'
ac_cv_header_sys_file_h='yes'
ac_cv_header_sys_stat_h='yes'
ac_cv_header_sys_time_h='yes'
ac_cv_header_sys_types_h='yes'
ac_cv_header_sys_wait_h='yes'
ac_cv_header_unistd_h='yes'
ac_cv_header_vfork_h='no'
ac_cv_lib_c_main='yes'
ac_cv_lib_pthread_main='yes'
ac_cv_objext='o'
ac_cv_prog_CPP='gcc -E'
ac_cv_prog_ac_ct_CC='gcc'
ac_cv_prog_ac_ct_LD='ld'
ac_cv_prog_ac_ct_STRIP='strip'
ac_cv_prog_cc_g='yes'
ac_cv_type_pid_t='yes'
ac_cv_type_size_t='yes'

## ------------ ##
## confdefs.h.  ##
## ------------ ##

#define HAVE_LIBC 1
#define HAVE_LIBPTHREAD 1
#define STDC_HEADERS 1
#define HAVE_SYS_WAIT_H 1
#define HAVE_FCNTL_H 1
#define HAVE_STDLIB_H 1
#define HAVE_STRING_H 1
#define HAVE_SYS_FILE_H 1
#define HAVE_SYS_TIME_H 1
#define HAVE_UNISTD_H 1
#define HAVE_SYS_TYPES_H 1
#define HAVE_SYS_STAT_H 1
#define HAVE_STDLIB_H 1
#define HAVE_STRING_H 1
#define HAVE_MEMORY_H 1
#define HAVE_STRINGS_H 1
#define HAVE_INTTYPES_H 1
#define HAVE_STDINT_H 1
#define HAVE_UNISTD_H 1
#define HAVE_UNISTD_H 1
#define HAVE_FORK 1
#define HAVE_VFORK 1
#define HAVE_WORKING_VFORK 1
#define HAVE_WORKING_FORK 1


configure: exit 0
